Arguments: 
  /usr/local/bin/node /home/kinsh/.yarn/bin/yarn.js add bootstrap@3 react-bootstrap

PATH: 
  /home/kinsh/.yarn/bin:/home/kinsh/.config/yarn/global/node_modules/.bin:/home/kinsh/bin:/home/kinsh/.local/bin:/usr/local/sbin:/usr/local/bin:/usr/sbin:/usr/bin:/sbin:/bin:/usr/games:/usr/local/games:/usr/lib/jvm/java-8-oracle/bin:/usr/lib/jvm/java-8-oracle/db/bin:/usr/lib/jvm/java-8-oracle/jre/bin

Yarn version: 
  1.10.1

Node version: 
  10.12.0

Platform: 
  linux x64

Trace: 
  Error: EACCES: permission denied, unlink '/home/kinsh/Desktop/Bus-control-master/node_modules/git/.npmignore'

npm manifest: 
  {
    "name": "server",
    "version": "1.0.0",
    "description": "",
    "main": "index.js",
    "scripts": {
      "test": "echo \"Error: no test specified\" && exit 1",
      "client": "npm run start --prefix client",
      "server": "nodemon index.js",
      "dev": "concurrently \"npm run server\" \"npm run client\""
    },
    "author": "",
    "license": "ISC",
    "dependencies": {
      "bootstrap": "^4.3.1",
      "concurrently": "^4.1.0",
      "cors": "^2.8.5",
      "create-react-app": "^2.1.8",
      "express": "^4.16.4",
      "git": "^0.1.5",
      "mongoose": "^5.5.2",
      "nodemon": "^1.18.10"
    }
  }

yarn manifest: 
  No manifest

Lockfile: 
  No lockfile
